<?xml version="1.0" encoding="UTF-8"?><testsuite errors="0" failures="3" name="Buscar cuentas por email" skipped="0" tests="5" time="12.5" timestamp="2023-04-25 07:44:09"><testcase name="Busqueda de cuenta exitosa"/><testcase name="Busqueda de cuentas fallida"><failure message="1 expectation failed.&#10;Expected status code &lt;404&gt; but was &lt;500&gt;.&#10;" type="java.lang.AssertionError">1 expectation failed.
Expected status code &lt;404&gt; but was &lt;500&gt;.
</failure><system-err>1 expectation failed.
Expected status code &lt;404&gt; but was &lt;500&gt;.
&#13;
com.sofkau.stepdefinitions.BuscarCuentasFallidoStepDefinition.seRecibiraUnCodigoYUnMensajeDeCorreoNoEncontrado(BuscarCuentasFallidoStepDefinition.java:47)&#13;
✽.se recibira un codigo 404 y un mensaje de correo no encontrado(file:///C:/Users/nunez/Escritorio/Automatizacion%20Reto%20Final/AutomatizacionBackendMatCafe/AutomatizacionMatcafe/src/test/resources/features/HUB23-24obtenercuakquiercuentaporemail.feature:20)&#13;
</system-err></testcase></testsuite>